<?xml version="1.0" encoding="UTF-8"?>
<!-- Generated by org.testng.reporters.JUnitXMLReporter -->
<testsuite hostname="LT062360" name="import" tests="4" failures="0" timestamp="13 Mar 2019 08:28:51 GMT" time="23.322" errors="0">
  <testcase name="OtherthenExcel" time="3.041" classname="test.ImportExcel"/>
  <testcase name="InvalidRowsCount" time="3.075" classname="test.ImportExcel"/>
  <testcase name="InvalidTables" time="2.756" classname="test.ImportExcel"/>
  <testcase name="validExcelfile" time="14.443" classname="test.ImportExcel"/>
</testsuite> <!-- import -->
