<?xml version="1.0" encoding="UTF-8"?>
<!-- Generated by org.testng.reporters.JUnitXMLReporter -->
<testsuite hostname="LT062360" name="Order" tests="3" failures="0" timestamp="13 Mar 2019 08:30:09 GMT" time="56.612" errors="0">
  <testcase name="SearchOrderWithOrdnumber" time="8.484" classname="test.OrderTest"/>
  <testcase name="SearchOrderWithcreationDate" time="13.264" classname="test.OrderTest"/>
  <testcase name="SearchOrderWithreceptionDate" time="34.86" classname="test.OrderTest"/>
</testsuite> <!-- Order -->
